kotlin version: 1.9.22
error message: org.jetbrains.kotlin.backend.common.BackendException: Backend Internal error: Exception during IR lowering
File being compiled: /home/Tiopaz/NewSystem/Movil/Experimentos/AndraxDevelop/AArchDroid/app/src/main/java/org/aarchdroid/dragonterminal/ui/term/NeoTermActivity.kt
The root cause java.lang.RuntimeException was thrown at: org.jetbrains.kotlin.backend.jvm.codegen.FunctionCodegen.generate(FunctionCodegen.kt:51)
	at org.jetbrains.kotlin.backend.common.CodegenUtil.reportBackendException(CodegenUtil.kt:253)
	at org.jetbrains.kotlin.backend.common.CodegenUtil.reportBackendException$default(CodegenUtil.kt:237)
	at org.jetbrains.kotlin.backend.common.phaser.PerformByIrFilePhase.invokeSequential(performByIrFile.kt:65)
	at org.jetbrains.kotlin.backend.common.phaser.PerformByIrFilePhase.invoke(performByIrFile.kt:52)
	at org.jetbrains.kotlin.backend.common.phaser.PerformByIrFilePhase.invoke(performByIrFile.kt:38)
	at org.jetbrains.kotlin.backend.common.phaser.NamedCompilerPhase.phaseBody(CompilerPhase.kt:147)
	at org.jetbrains.kotlin.backend.common.phaser.AbstractNamedCompilerPhase.invoke(CompilerPhase.kt:94)
	at org.jetbrains.kotlin.backend.common.phaser.CompositePhase.invoke(PhaseBuilders.kt:29)
	at org.jetbrains.kotlin.backend.common.phaser.CompositePhase.invoke(PhaseBuilders.kt:16)
	at org.jetbrains.kotlin.backend.common.phaser.NamedCompilerPhase.phaseBody(CompilerPhase.kt:147)
	at org.jetbrains.kotlin.backend.common.phaser.AbstractNamedCompilerPhase.invoke(CompilerPhase.kt:94)
	at org.jetbrains.kotlin.backend.common.phaser.CompilerPhaseKt.invokeToplevel(CompilerPhase.kt:43)
	at org.jetbrains.kotlin.backend.jvm.JvmIrCodegenFactory.invokeCodegen(JvmIrCodegenFactory.kt:361)
	at org.jetbrains.kotlin.cli.jvm.compiler.KotlinToJVMBytecodeCompiler.runCodegen(KotlinToJVMBytecodeCompiler.kt:347)
	at org.jetbrains.kotlin.cli.jvm.compiler.KotlinToJVMBytecodeCompiler.compileModules$cli(KotlinToJVMBytecodeCompiler.kt:122)
	at org.jetbrains.kotlin.cli.jvm.compiler.KotlinToJVMBytecodeCompiler.compileModules$cli$default(KotlinToJVMBytecodeCompiler.kt:43)
	at org.jetbrains.kotlin.cli.jvm.K2JVMCompiler.doExecute(K2JVMCompiler.kt:165)
	at org.jetbrains.kotlin.cli.jvm.K2JVMCompiler.doExecute(K2JVMCompiler.kt:50)
	at org.jetbrains.kotlin.cli.common.CLICompiler.execImpl(CLICompiler.kt:104)
	at org.jetbrains.kotlin.cli.common.CLICompiler.execImpl(CLICompiler.kt:48)
	at org.jetbrains.kotlin.cli.common.CLITool.exec(CLITool.kt:101)
	at org.jetbrains.kotlin.incremental.IncrementalJvmCompilerRunner.runCompiler(IncrementalJvmCompilerRunner.kt:463)
	at org.jetbrains.kotlin.incremental.IncrementalJvmCompilerRunner.runCompiler(IncrementalJvmCompilerRunner.kt:62)
	at org.jetbrains.kotlin.incremental.IncrementalCompilerRunner.doCompile(IncrementalCompilerRunner.kt:477)
	at org.jetbrains.kotlin.incremental.IncrementalCompilerRunner.compileImpl(IncrementalCompilerRunner.kt:400)
	at org.jetbrains.kotlin.incremental.IncrementalCompilerRunner.tryCompileIncrementally$lambda$6$compile(IncrementalCompilerRunner.kt:231)
	at org.jetbrains.kotlin.incremental.IncrementalCompilerRunner.tryCompileIncrementally(IncrementalCompilerRunner.kt:247)
	at org.jetbrains.kotlin.incremental.IncrementalCompilerRunner.compile(IncrementalCompilerRunner.kt:116)
	at org.jetbrains.kotlin.daemon.CompileServiceImplBase.execIncrementalCompiler(CompileServiceImpl.kt:657)
	at org.jetbrains.kotlin.daemon.CompileServiceImplBase.access$execIncrementalCompiler(CompileServiceImpl.kt:105)
	at org.jetbrains.kotlin.daemon.CompileServiceImpl.compile(CompileServiceImpl.kt:1624)
	at java.base/jdk.internal.reflect.DirectMethodHandleAccessor.invoke(DirectMethodHandleAccessor.java:103)
	at java.base/java.lang.reflect.Method.invoke(Method.java:580)
	at java.rmi/sun.rmi.server.UnicastServerRef.dispatch(UnicastServerRef.java:360)
	at java.rmi/sun.rmi.transport.Transport$1.run(Transport.java:200)
	at java.rmi/sun.rmi.transport.Transport$1.run(Transport.java:197)
	at java.base/java.security.AccessController.doPrivileged(AccessController.java:714)
	at java.rmi/sun.rmi.transport.Transport.serviceCall(Transport.java:196)
	at java.rmi/sun.rmi.transport.tcp.TCPTransport.handleMessages(TCPTransport.java:598)
	at java.rmi/sun.rmi.transport.tcp.TCPTransport$ConnectionHandler.run0(TCPTransport.java:844)
	at java.rmi/sun.rmi.transport.tcp.TCPTransport$ConnectionHandler.lambda$run$0(TCPTransport.java:721)
	at java.base/java.security.AccessController.doPrivileged(AccessController.java:400)
	at java.rmi/sun.rmi.transport.tcp.TCPTransport$ConnectionHandler.run(TCPTransport.java:720)
	at java.base/java.util.concurrent.ThreadPoolExecutor.runWorker(ThreadPoolExecutor.java:1144)
	at java.base/java.util.concurrent.ThreadPoolExecutor$Worker.run(ThreadPoolExecutor.java:642)
	at java.base/java.lang.Thread.run(Thread.java:1583)
Caused by: java.lang.RuntimeException: Exception while generating code for:
FUN name:showProfileDialog visibility:private modality:FINAL <> ($this:org.aarchdroid.dragonterminal.ui.term.NeoTermActivity) returnType:kotlin.Unit
  $this: VALUE_PARAMETER name:<this> type:org.aarchdroid.dragonterminal.ui.term.NeoTermActivity
  BLOCK_BODY
    VAR name:profileComponent type:org.aarchdroid.dragonterminal.component.profile.ProfileComponent [val]
      CALL 'public final fun getComponent <T> (): T of org.aarchdroid.dragonterminal.frontend.component.ComponentManager.getComponent [inline] declared in org.aarchdroid.dragonterminal.frontend.component.ComponentManager' type=org.aarchdroid.dragonterminal.component.profile.ProfileComponent origin=null
        <T>: org.aarchdroid.dragonterminal.component.profile.ProfileComponent
        $this: TYPE_OP type=org.aarchdroid.dragonterminal.frontend.component.ComponentManager origin=IMPLICIT_CAST typeOperand=org.aarchdroid.dragonterminal.frontend.component.ComponentManager
          GET_FIELD 'FIELD FIELD_FOR_OBJECT_INSTANCE name:INSTANCE type:org.aarchdroid.dragonterminal.frontend.component.ComponentManager visibility:public [final,static]' type=org.aarchdroid.dragonterminal.frontend.component.ComponentManager origin=null
    VAR name:profiles type:kotlin.collections.List<org.aarchdroid.dragonterminal.component.profile.NeoProfile> [val]
      CALL 'public final fun getProfiles (metaName: kotlin.String): kotlin.collections.List<org.aarchdroid.dragonterminal.component.profile.NeoProfile> declared in org.aarchdroid.dragonterminal.component.profile.ProfileComponent' type=kotlin.collections.List<org.aarchdroid.dragonterminal.component.profile.NeoProfile> origin=null
        $this: GET_VAR 'val profileComponent: org.aarchdroid.dragonterminal.component.profile.ProfileComponent [val] declared in org.aarchdroid.dragonterminal.ui.term.NeoTermActivity.showProfileDialog' type=org.aarchdroid.dragonterminal.component.profile.ProfileComponent origin=null
        metaName: CONST String type=kotlin.String value="profile-shell"
    VAR name:profilesShell type:kotlin.collections.List<@[NoInfer] org.aarchdroid.dragonterminal.frontend.session.shell.ShellProfile> [val]
      CALL 'public final fun filterIsInstance <R> (): kotlin.collections.List<@[NoInfer] R of kotlin.collections.CollectionsKt.filterIsInstance> [inline] declared in kotlin.collections.CollectionsKt' type=kotlin.collections.List<@[NoInfer] org.aarchdroid.dragonterminal.frontend.session.shell.ShellProfile> origin=null
        <R>: org.aarchdroid.dragonterminal.frontend.session.shell.ShellProfile
        $receiver: GET_VAR 'val profiles: kotlin.collections.List<org.aarchdroid.dragonterminal.component.profile.NeoProfile> [val] declared in org.aarchdroid.dragonterminal.ui.term.NeoTermActivity.showProfileDialog' type=kotlin.collections.List<org.aarchdroid.dragonterminal.component.profile.NeoProfile> origin=null
    WHEN type=kotlin.Unit origin=IF
      BRANCH
        if: CALL 'public abstract fun isEmpty (): kotlin.Boolean declared in kotlin.collections.List' type=kotlin.Boolean origin=null
          $this: GET_VAR 'val profiles: kotlin.collections.List<org.aarchdroid.dragonterminal.component.profile.NeoProfile> [val] declared in org.aarchdroid.dragonterminal.ui.term.NeoTermActivity.showProfileDialog' type=kotlin.collections.List<org.aarchdroid.dragonterminal.component.profile.NeoProfile> origin=null
        then: BLOCK type=kotlin.Unit origin=null
          COMPOSITE type=kotlin.Unit origin=null
            CALL 'public open fun show (): @[FlexibleNullability] android.app.AlertDialog? declared in android.app.AlertDialog.Builder' type=@[FlexibleNullability] android.app.AlertDialog? origin=null
              $this: CALL 'public open fun setPositiveButton (p0: kotlin.Int, p1: @[FlexibleNullability] android.content.DialogInterface.OnClickListener?): @[FlexibleNullability] android.app.AlertDialog.Builder? declared in android.app.AlertDialog.Builder' type=@[FlexibleNullability] android.app.AlertDialog.Builder? origin=null
                $this: CALL 'public open fun setMessage (p0: kotlin.Int): @[FlexibleNullability] android.app.AlertDialog.Builder? declared in android.app.AlertDialog.Builder' type=@[FlexibleNullability] android.app.AlertDialog.Builder? origin=null
                  $this: CALL 'public open fun setTitle (p0: kotlin.Int): @[FlexibleNullability] android.app.AlertDialog.Builder? declared in android.app.AlertDialog.Builder' type=@[FlexibleNullability] android.app.AlertDialog.Builder? origin=null
                    $this: CONSTRUCTOR_CALL 'public constructor <init> (p0: @[FlexibleNullability] android.content.Context?) declared in android.app.AlertDialog.Builder' type=android.app.AlertDialog.Builder origin=null
                      p0: GET_VAR '<this>: org.aarchdroid.dragonterminal.ui.term.NeoTermActivity declared in org.aarchdroid.dragonterminal.ui.term.NeoTermActivity.showProfileDialog' type=org.aarchdroid.dragonterminal.ui.term.NeoTermActivity origin=null
                    p0: GET_FIELD 'FIELD IR_EXTERNAL_JAVA_DECLARATION_STUB name:error type:kotlin.Int visibility:public [static]' type=kotlin.Int origin=GET_PROPERTY
                  p0: GET_FIELD 'FIELD IR_EXTERNAL_JAVA_DECLARATION_STUB name:no_profile_available type:kotlin.Int visibility:public [static]' type=kotlin.Int origin=GET_PROPERTY
                p0: CONST Int type=kotlin.Int value=17039379
                p1: CONST Null type=kotlin.Nothing? value=null
            COMPOSITE type=kotlin.Unit origin=null
          RETURN type=kotlin.Nothing from='private final fun showProfileDialog (): kotlin.Unit declared in org.aarchdroid.dragonterminal.ui.term.NeoTermActivity'
            GET_FIELD 'FIELD FIELD_FOR_OBJECT_INSTANCE name:INSTANCE type:kotlin.Unit visibility:public [final,static]' type=kotlin.Unit origin=null
    COMPOSITE type=kotlin.Unit origin=null
      CALL 'public open fun show (): @[FlexibleNullability] android.app.AlertDialog? declared in android.app.AlertDialog.Builder' type=@[FlexibleNullability] android.app.AlertDialog? origin=null
        $this: CALL 'public open fun setPositiveButton (p0: kotlin.Int, p1: @[FlexibleNullability] android.content.DialogInterface.OnClickListener?): @[FlexibleNullability] android.app.AlertDialog.Builder? declared in android.app.AlertDialog.Builder' type=@[FlexibleNullability] android.app.AlertDialog.Builder? origin=null
          $this: CALL 'public open fun setItems (p0: @[FlexibleNullability] kotlin.Array<out @[FlexibleNullability] kotlin.CharSequence?>?, p1: @[FlexibleNullability] android.content.DialogInterface.OnClickListener?): @[FlexibleNullability] android.app.AlertDialog.Builder? declared in android.app.AlertDialog.Builder' type=@[FlexibleNullability] android.app.AlertDialog.Builder? origin=null
            $this: CALL 'public open fun setTitle (p0: kotlin.Int): @[FlexibleNullability] android.app.AlertDialog.Builder? declared in android.app.AlertDialog.Builder' type=@[FlexibleNullability] android.app.AlertDialog.Builder? origin=null
              $this: CONSTRUCTOR_CALL 'public constructor <init> (p0: @[FlexibleNullability] android.content.Context?) declared in android.app.AlertDialog.Builder' type=android.app.AlertDialog.Builder origin=null
                p0: GET_VAR '<this>: org.aarchdroid.dragonterminal.ui.term.NeoTermActivity declared in org.aarchdroid.dragonterminal.ui.term.NeoTermActivity.showProfileDialog' type=org.aarchdroid.dragonterminal.ui.term.NeoTermActivity origin=null
              p0: GET_FIELD 'FIELD IR_EXTERNAL_JAVA_DECLARATION_STUB name:new_session_with_profile type:kotlin.Int visibility:public [static]' type=kotlin.Int origin=GET_PROPERTY
            p0: CALL 'public final fun toTypedArray <T> (): kotlin.Array<T of kotlin.collections.ArraysKt.toTypedArray> [inline] declared in kotlin.collections.ArraysKt' type=kotlin.Array<kotlin.String> origin=null
              <T>: kotlin.String
              $receiver: CALL 'public final fun map <T, R> (transform: kotlin.Function1<T of kotlin.collections.CollectionsKt.map, R of kotlin.collections.CollectionsKt.map>): kotlin.collections.List<R of kotlin.collections.CollectionsKt.map> [inline] declared in kotlin.collections.CollectionsKt' type=kotlin.collections.List<kotlin.String> origin=null
                <T>: org.aarchdroid.dragonterminal.component.profile.NeoProfile
                <R>: kotlin.String
                $receiver: GET_VAR 'val profiles: kotlin.collections.List<org.aarchdroid.dragonterminal.component.profile.NeoProfile> [val] declared in org.aarchdroid.dragonterminal.ui.term.NeoTermActivity.showProfileDialog' type=kotlin.collections.List<org.aarchdroid.dragonterminal.component.profile.NeoProfile> origin=null
                transform: BLOCK type=kotlin.Function1<org.aarchdroid.dragonterminal.component.profile.NeoProfile, kotlin.String> origin=LAMBDA
                  COMPOSITE type=kotlin.Unit origin=null
                  FUNCTION_REFERENCE 'private final fun showProfileDialog$lambda$10 (it: org.aarchdroid.dragonterminal.component.profile.NeoProfile): kotlin.String declared in org.aarchdroid.dragonterminal.ui.term.NeoTermActivity' type=kotlin.Function1<org.aarchdroid.dragonterminal.component.profile.NeoProfile, kotlin.String> origin=INLINE_LAMBDA reflectionTarget=null
            p1: BLOCK type=android.content.DialogInterface.OnClickListener origin=LAMBDA
              COMPOSITE type=kotlin.Unit origin=null
              CALL 'public final fun <jvm-indy> <T> (dynamicCall: T of kotlin.jvm.internal.<jvm-indy>, bootstrapMethodHandle: kotlin.Any, vararg bootstrapMethodArguments: kotlin.Any): T of kotlin.jvm.internal.<jvm-indy> declared in kotlin.jvm.internal' type=android.content.DialogInterface.OnClickListener origin=null
                <T>: android.content.DialogInterface.OnClickListener
                dynamicCall: CALL 'public final fun onClick (p0: kotlin.collections.List<@[NoInfer] org.aarchdroid.dragonterminal.frontend.session.shell.ShellProfile>, p1: org.aarchdroid.dragonterminal.ui.term.NeoTermActivity): android.content.DialogInterface.OnClickListener declared in kotlin.jvm.internal.invokeDynamic' type=android.content.DialogInterface.OnClickListener origin=null
                  p0: GET_VAR 'val profilesShell: kotlin.collections.List<@[NoInfer] org.aarchdroid.dragonterminal.frontend.session.shell.ShellProfile> [val] declared in org.aarchdroid.dragonterminal.ui.term.NeoTermActivity.showProfileDialog' type=kotlin.collections.List<@[NoInfer] org.aarchdroid.dragonterminal.frontend.session.shell.ShellProfile> origin=null
                  p1: GET_VAR '<this>: org.aarchdroid.dragonterminal.ui.term.NeoTermActivity declared in org.aarchdroid.dragonterminal.ui.term.NeoTermActivity.showProfileDialog' type=org.aarchdroid.dragonterminal.ui.term.NeoTermActivity origin=null
                bootstrapMethodHandle: CALL 'public final fun <jvm-method-handle> (tag: kotlin.Int, owner: kotlin.String, name: kotlin.String, descriptor: kotlin.String, isInterface: kotlin.Boolean): kotlin.Any declared in kotlin.jvm.internal' type=kotlin.Any origin=null
                  tag: CONST Int type=kotlin.Int value=6
                  owner: CONST String type=kotlin.String value="java/lang/invoke/LambdaMetafactory"
                  name: CONST String type=kotlin.String value="metafactory"
                  descriptor: CONST String type=kotlin.String value="(Ljava/lang/invoke/MethodHandles$Lookup;Ljava/lang/String;Ljava/lang/invoke/MethodType;Ljava/lang/invoke/MethodType;Ljava/lang/invoke/MethodHandle;Ljava/lang/invoke/MethodType;)Ljava/lang/invoke/CallSite;"
                  isInterface: CONST Boolean type=kotlin.Boolean value=false
                bootstrapMethodArguments: VARARG type=kotlin.Array<kotlin.Any> varargElementType=kotlin.Any
                  CALL 'public final fun <jvm-original-method-type> (method: kotlin.Any): kotlin.Any declared in kotlin.jvm.internal' type=kotlin.Any origin=null
                    method: RAW_FUNCTION_REFERENCE 'public abstract fun onClick (p0: @[FlexibleNullability] android.content.DialogInterface?, p1: kotlin.Int): kotlin.Unit declared in android.content.DialogInterface.OnClickListener' type=kotlin.Any
                  RAW_FUNCTION_REFERENCE 'private final fun showProfileDialog$lambda$11 ($profilesShell: kotlin.collections.List<@[NoInfer] org.aarchdroid.dragonterminal.frontend.session.shell.ShellProfile>, this$0: org.aarchdroid.dragonterminal.ui.term.NeoTermActivity, dialog: @[FlexibleNullability] android.content.DialogInterface?, which: kotlin.Int): kotlin.Unit declared in org.aarchdroid.dragonterminal.ui.term.NeoTermActivity' type=kotlin.Any
                  CALL 'public final fun <jvm-original-method-type> (method: kotlin.Any): kotlin.Any declared in kotlin.jvm.internal' type=kotlin.Any origin=null
                    method: RAW_FUNCTION_REFERENCE 'public abstract fun onClick (p0: @[FlexibleNullability] android.content.DialogInterface?, p1: kotlin.Int): kotlin.Unit [fake_override] declared in kotlin.jvm.internal.invokeDynamic.<fake>' type=kotlin.Any
          p0: CONST Int type=kotlin.Int value=17039369
          p1: CONST Null type=kotlin.Nothing? value=null
      COMPOSITE type=kotlin.Unit origin=null

	at org.jetbrains.kotlin.backend.jvm.codegen.FunctionCodegen.generate(FunctionCodegen.kt:51)
	at org.jetbrains.kotlin.backend.jvm.codegen.FunctionCodegen.generate$default(FunctionCodegen.kt:43)
	at org.jetbrains.kotlin.backend.jvm.codegen.ClassCodegen.generateMethodNode(ClassCodegen.kt:390)
	at org.jetbrains.kotlin.backend.jvm.codegen.ClassCodegen.generateMethod(ClassCodegen.kt:407)
	at org.jetbrains.kotlin.backend.jvm.codegen.ClassCodegen.generate(ClassCodegen.kt:169)
	at org.jetbrains.kotlin.backend.jvm.FileCodegen.lower(JvmPhases.kt:41)
	at org.jetbrains.kotlin.backend.common.phaser.FileLoweringPhaseAdapter.invoke(PhaseBuilders.kt:120)
	at org.jetbrains.kotlin.backend.common.phaser.FileLoweringPhaseAdapter.invoke(PhaseBuilders.kt:116)
	at org.jetbrains.kotlin.backend.common.phaser.NamedCompilerPhase.phaseBody(CompilerPhase.kt:147)
	at org.jetbrains.kotlin.backend.common.phaser.AbstractNamedCompilerPhase.invoke(CompilerPhase.kt:94)
	at org.jetbrains.kotlin.backend.common.phaser.PerformByIrFilePhase.invokeSequential(performByIrFile.kt:62)
	... 43 more
Caused by: org.jetbrains.kotlin.codegen.CompilationException: Back-end (JVM) Internal error: Couldn't inline method call: CALL 'public final fun getComponent <T> (): T of org.aarchdroid.dragonterminal.frontend.component.ComponentManager.getComponent [inline] declared in org.aarchdroid.dragonterminal.frontend.component.ComponentManager' type=org.aarchdroid.dragonterminal.component.profile.ProfileComponent origin=null
Method: null
File is unknown
The root cause java.io.FileNotFoundException was thrown at: java.base/java.io.FileInputStream.open0(Native Method)
	at org.jetbrains.kotlin.codegen.inline.InlineCodegen.performInline(InlineCodegen.kt:67)
	at org.jetbrains.kotlin.backend.jvm.codegen.IrInlineCodegen.genInlineCall(IrInlineCodegen.kt:162)
	at org.jetbrains.kotlin.backend.jvm.codegen.IrInlineCallGenerator.genCall(IrInlineCallGenerator.kt:36)
	at org.jetbrains.kotlin.backend.jvm.codegen.ExpressionCodegen.visitCall(ExpressionCodegen.kt:627)
	at org.jetbrains.kotlin.backend.jvm.codegen.ExpressionCodegen.visitCall(ExpressionCodegen.kt:134)
	at org.jetbrains.kotlin.ir.expressions.IrCall.accept(IrCall.kt:26)
	at org.jetbrains.kotlin.backend.jvm.codegen.ExpressionCodegen.visitVariable(ExpressionCodegen.kt:757)
	at org.jetbrains.kotlin.backend.jvm.codegen.ExpressionCodegen.visitVariable(ExpressionCodegen.kt:134)
	at org.jetbrains.kotlin.ir.declarations.IrVariable.accept(IrVariable.kt:38)
	at org.jetbrains.kotlin.backend.jvm.codegen.ExpressionCodegen.visitStatementContainer(ExpressionCodegen.kt:562)
	at org.jetbrains.kotlin.backend.jvm.codegen.ExpressionCodegen.visitBlockBody(ExpressionCodegen.kt:567)
	at org.jetbrains.kotlin.backend.jvm.codegen.ExpressionCodegen.visitBlockBody(ExpressionCodegen.kt:134)
	at org.jetbrains.kotlin.ir.expressions.IrBlockBody.accept(IrBlockBody.kt:25)
	at org.jetbrains.kotlin.backend.jvm.codegen.ExpressionCodegen.generate(ExpressionCodegen.kt:228)
	at org.jetbrains.kotlin.backend.jvm.codegen.FunctionCodegen.doGenerate(FunctionCodegen.kt:122)
	at org.jetbrains.kotlin.backend.jvm.codegen.FunctionCodegen.generate(FunctionCodegen.kt:47)
	... 53 more
Caused by: java.io.FileNotFoundException: /home/Tiopaz/NewSystem/Movil/Experimentos/AndraxDevelop/AArchDroid/app/build/tmp/kotlin-classes/debug/org/aarchdroid/dragonterminal/frontend/component/ComponentManager.class (No existe el fichero o el directorio)
	at java.base/java.io.FileInputStream.open0(Native Method)
	at java.base/java.io.FileInputStream.open(FileInputStream.java:213)
	at java.base/java.io.FileInputStream.<init>(FileInputStream.java:152)
	at org.jetbrains.kotlin.com.intellij.openapi.util.io.FileUtil.loadFileBytes(FileUtil.java:204)
	at org.jetbrains.kotlin.com.intellij.openapi.vfs.local.CoreLocalVirtualFile.contentsToByteArray(CoreLocalVirtualFile.java:98)
	at org.jetbrains.kotlin.codegen.inline.SourceCompilerForInlineKt.loadCompiledInlineFunction(SourceCompilerForInline.kt:93)
	at org.jetbrains.kotlin.backend.jvm.codegen.IrSourceCompilerForInline.compileInlineFunction(IrSourceCompilerForInline.kt:91)
	at org.jetbrains.kotlin.codegen.inline.InlineCodegen.compileInline(InlineCodegen.kt:45)
	at org.jetbrains.kotlin.codegen.inline.InlineCodegen.performInline(InlineCodegen.kt:53)
	... 68 more


